<?xml version="1.0" encoding="UTF-8"?>
<!-- Generated by org.testng.reporters.JUnitXMLReporter -->
<testsuite ignored="0" hostname="Prince-Computer" failures="0" tests="4" name="TestNG" time="17.534" errors="0" timestamp="2023-02-02T18:47:41 EST">
  <testcase classname="testLayer.LoginTest" name="Login" time="0.373"/>
  <testcase classname="testLayer.LoginTest" name="Login" time="0.33"/>
  <testcase classname="testLayer.LoginTest" name="Login" time="0.387"/>
  <testcase classname="testLayer.LoginTest" name="verify" time="0.021"/>
</testsuite> <!-- TestNG -->
