<?xml version="1.0" encoding="UTF-8"?>
<!-- Generated by org.testng.reporters.JUnitXMLReporter -->
<testsuite ignored="0" hostname="Prince-Computer" failures="0" tests="4" name="Default test" time="13.022" errors="0" timestamp="2023-02-02T18:38:27 EST">
  <testcase classname="testLayer.LoginTest" name="Login" time="0.347"/>
  <testcase classname="testLayer.LoginTest" name="Login" time="0.326"/>
  <testcase classname="testLayer.LoginTest" name="Login" time="0.342"/>
  <testcase classname="testLayer.LoginTest" name="verify" time="0.026"/>
</testsuite> <!-- Default test -->
