<?xml version="1.0" encoding="UTF-8"?>
<testng-results ignored="0" total="4" passed="4" failed="0" skipped="0">
  <reporter-output>
  </reporter-output>
  <suite started-at="2023-02-02T18:47:24 EST" name="OrangeHRM" finished-at="2023-02-02T18:47:41 EST" duration-ms="17534">
    <groups>
    </groups>
    <test started-at="2023-02-02T18:47:24 EST" name="TestNG" finished-at="2023-02-02T18:47:41 EST" duration-ms="17534">
      <class name="testLayer.LoginTest">
        <test-method is-config="true" signature="initsetup()[pri:0, instance:testLayer.LoginTest@82de64a]" started-at="2023-02-02T18:47:26 EST" name="initsetup" finished-at="2023-02-02T18:47:31 EST" duration-ms="5026" status="PASS">
          <reporter-output>
          </reporter-output>
        </test-method> <!-- initsetup -->
        <test-method signature="Login(java.lang.String,java.lang.String)[pri:0, instance:testLayer.LoginTest@82de64a]" started-at="2023-02-02T18:47:31 EST" name="Login" data-provider="Details" finished-at="2023-02-02T18:47:31 EST" duration-ms="373" status="PASS">
          <params>
            <param index="0">
              <value>
                <![CDATA[Admin]]>
              </value>
            </param>
            <param index="1">
              <value>
                <![CDATA[admin123]]>
              </value>
            </param>
          </params>
          <reporter-output>
          </reporter-output>
        </test-method> <!-- Login -->
        <test-method is-config="true" signature="close()[pri:0, instance:testLayer.LoginTest@82de64a]" started-at="2023-02-02T18:47:31 EST" name="close" finished-at="2023-02-02T18:47:31 EST" duration-ms="241" status="PASS">
          <reporter-output>
          </reporter-output>
        </test-method> <!-- close -->
        <test-method is-config="true" signature="initsetup()[pri:0, instance:testLayer.LoginTest@82de64a]" started-at="2023-02-02T18:47:31 EST" name="initsetup" finished-at="2023-02-02T18:47:34 EST" duration-ms="2820" status="PASS">
          <reporter-output>
          </reporter-output>
        </test-method> <!-- initsetup -->
        <test-method signature="Login(java.lang.String,java.lang.String)[pri:0, instance:testLayer.LoginTest@82de64a]" started-at="2023-02-02T18:47:34 EST" name="Login" data-provider="Details" finished-at="2023-02-02T18:47:35 EST" duration-ms="330" status="PASS">
          <params>
            <param index="0">
              <value>
                <![CDATA[Admin2]]>
              </value>
            </param>
            <param index="1">
              <value>
                <![CDATA[abcd]]>
              </value>
            </param>
          </params>
          <reporter-output>
          </reporter-output>
        </test-method> <!-- Login -->
        <test-method is-config="true" signature="close()[pri:0, instance:testLayer.LoginTest@82de64a]" started-at="2023-02-02T18:47:35 EST" name="close" finished-at="2023-02-02T18:47:35 EST" duration-ms="272" status="PASS">
          <reporter-output>
          </reporter-output>
        </test-method> <!-- close -->
        <test-method is-config="true" signature="initsetup()[pri:0, instance:testLayer.LoginTest@82de64a]" started-at="2023-02-02T18:47:35 EST" name="initsetup" finished-at="2023-02-02T18:47:37 EST" duration-ms="2691" status="PASS">
          <reporter-output>
          </reporter-output>
        </test-method> <!-- initsetup -->
        <test-method signature="Login(java.lang.String,java.lang.String)[pri:0, instance:testLayer.LoginTest@82de64a]" started-at="2023-02-02T18:47:37 EST" name="Login" data-provider="Details" finished-at="2023-02-02T18:47:38 EST" duration-ms="387" status="PASS">
          <params>
            <param index="0">
              <value>
                <![CDATA[Scott]]>
              </value>
            </param>
            <param index="1">
              <value>
                <![CDATA[xyz]]>
              </value>
            </param>
          </params>
          <reporter-output>
          </reporter-output>
        </test-method> <!-- Login -->
        <test-method is-config="true" signature="close()[pri:0, instance:testLayer.LoginTest@82de64a]" started-at="2023-02-02T18:47:38 EST" name="close" finished-at="2023-02-02T18:47:38 EST" duration-ms="293" status="PASS">
          <reporter-output>
          </reporter-output>
        </test-method> <!-- close -->
        <test-method is-config="true" signature="initsetup()[pri:0, instance:testLayer.LoginTest@82de64a]" started-at="2023-02-02T18:47:38 EST" name="initsetup" finished-at="2023-02-02T18:47:41 EST" duration-ms="2757" status="PASS">
          <reporter-output>
          </reporter-output>
        </test-method> <!-- initsetup -->
        <test-method signature="verify()[pri:0, instance:testLayer.LoginTest@82de64a]" started-at="2023-02-02T18:47:41 EST" name="verify" finished-at="2023-02-02T18:47:41 EST" duration-ms="21" status="PASS">
          <reporter-output>
          </reporter-output>
        </test-method> <!-- verify -->
        <test-method is-config="true" signature="close()[pri:0, instance:testLayer.LoginTest@82de64a]" started-at="2023-02-02T18:47:41 EST" name="close" finished-at="2023-02-02T18:47:41 EST" duration-ms="306" status="PASS">
          <reporter-output>
          </reporter-output>
        </test-method> <!-- close -->
      </class> <!-- testLayer.LoginTest -->
    </test> <!-- TestNG -->
  </suite> <!-- OrangeHRM -->
</testng-results>
